<?xml version="1.0" encoding="UTF-8"?>
<testng-results ignored="0" total="1" passed="1" failed="0" skipped="0">
  <reporter-output>
  </reporter-output>
  <suite started-at="2023-06-22T14:53:19 IST" name="Default suite" finished-at="2023-06-22T14:54:22 IST" duration-ms="62209">
    <groups>
    </groups>
    <test started-at="2023-06-22T14:53:19 IST" name="Default test" finished-at="2023-06-22T14:54:22 IST" duration-ms="62209">
      <class name="pblogintestclass">
        <test-method is-config="true" signature="openbrowser()[pri:0, instance:pblogintestclass@485966cc]" started-at="2023-06-22T14:53:20 IST" name="openbrowser" finished-at="2023-06-22T14:53:45 IST" duration-ms="25827" status="PASS">
          <reporter-output>
          </reporter-output>
        </test-method> <!-- openbrowser -->
        <test-method is-config="true" signature="logintoapp()[pri:0, instance:pblogintestclass@485966cc]" started-at="2023-06-22T14:53:45 IST" name="logintoapp" finished-at="2023-06-22T14:53:59 IST" duration-ms="13952" status="PASS">
          <reporter-output>
          </reporter-output>
        </test-method> <!-- logintoapp -->
        <test-method signature="verifyfullname()[pri:0, instance:pblogintestclass@485966cc]" started-at="2023-06-22T14:53:59 IST" name="verifyfullname" finished-at="2023-06-22T14:54:17 IST" duration-ms="17746" status="PASS">
          <reporter-output>
          </reporter-output>
        </test-method> <!-- verifyfullname -->
        <test-method is-config="true" signature="closeapp()[pri:0, instance:pblogintestclass@485966cc]" started-at="2023-06-22T14:54:17 IST" name="closeapp" finished-at="2023-06-22T14:54:22 IST" duration-ms="4542" status="PASS">
          <reporter-output>
          </reporter-output>
        </test-method> <!-- closeapp -->
        <test-method is-config="true" signature="capss(org.testng.ITestResult)[pri:0, instance:pblogintestclass@485966cc]" started-at="2023-06-22T14:54:17 IST" name="capss" finished-at="2023-06-22T14:54:17 IST" duration-ms="0" status="PASS">
          <params>
            <param index="0">
              <value>
                <![CDATA[[TestResult name=verifyfullname status=SUCCESS method=pblogintestclass.verifyfullname()[pri:0, instance:pblogintestclass@485966cc] output={null}]]]>
              </value>
            </param>
          </params>
          <reporter-output>
          </reporter-output>
        </test-method> <!-- capss -->
      </class> <!-- pblogintestclass -->
    </test> <!-- Default test -->
  </suite> <!-- Default suite -->
</testng-results>
